SF:lib\data\datasources\tv_local_data_source.dart
DA:15,1
DA:17,1
DA:20,2
DA:23,2
DA:27,1
DA:30,2
DA:33,2
DA:37,1
DA:39,2
DA:41,1
DA:47,1
DA:49,2
DA:50,4
LF:13
LH:13
end_of_record
SF:lib\data\models\tv_table.dart
DA:11,12
DA:18,2
DA:19,1
DA:20,1
DA:21,1
DA:22,1
DA:25,2
DA:26,1
DA:27,1
DA:28,1
DA:29,1
DA:32,2
DA:33,1
DA:34,1
DA:35,1
DA:36,1
DA:38,2
DA:39,1
DA:40,1
DA:41,1
DA:42,1
DA:45,2
DA:47,10
LF:23
LH:23
end_of_record
SF:lib\domain\entities\tv_genre.dart
DA:4,15
DA:12,3
DA:13,9
LF:3
LH:3
end_of_record
SF:lib\domain\entities\tv.dart
DA:4,6
DA:18,2
DA:38,4
DA:39,4
DA:40,4
DA:41,4
DA:42,4
DA:43,4
DA:44,4
DA:45,4
DA:46,4
DA:47,4
DA:48,4
DA:49,4
DA:50,4
DA:51,4
LF:16
LH:16
end_of_record
SF:lib\domain\entities\tv_detail.dart
DA:5,14
DA:33,3
DA:34,3
DA:35,3
DA:36,3
DA:37,3
DA:38,3
DA:39,3
DA:40,3
DA:41,3
DA:42,3
DA:43,3
DA:44,3
LF:13
LH:13
end_of_record
SF:lib\data\datasources\db\tv_database_helper.dart
DA:8,0
DA:12,0
DA:16,0
DA:17,0
DA:23,0
DA:24,0
DA:25,0
DA:27,0
DA:31,0
DA:32,0
DA:39,0
DA:42,0
DA:43,0
DA:44,0
DA:47,0
DA:48,0
DA:49,0
DA:52,0
DA:56,0
DA:57,0
DA:58,0
DA:61,0
DA:64,0
DA:65,0
DA:71,0
DA:72,0
DA:73,0
LF:27
LH:0
end_of_record
SF:lib\data\datasources\tv_remote_data_source.dart
DA:23,1
DA:25,1
DA:27,4
DA:29,2
DA:30,4
DA:32,1
DA:36,1
DA:38,4
DA:40,2
DA:41,3
DA:43,1
DA:47,1
DA:49,4
DA:51,2
DA:52,4
DA:54,1
DA:58,1
DA:60,4
DA:62,2
DA:63,4
DA:65,1
DA:69,1
DA:71,4
DA:73,2
DA:74,4
DA:76,1
DA:80,1
DA:82,4
DA:84,2
DA:85,4
DA:87,1
LF:31
LH:31
end_of_record
SF:lib\data\models\tv_detail_response.dart
DA:6,3
DA:44,1
DA:45,1
DA:46,1
DA:47,1
DA:48,4
DA:49,1
DA:50,1
DA:51,1
DA:52,1
DA:53,1
DA:54,2
DA:55,1
DA:56,1
DA:57,1
DA:58,1
DA:59,1
DA:60,1
DA:61,1
DA:62,2
DA:63,1
DA:66,2
DA:67,1
DA:68,5
DA:69,1
DA:70,1
DA:71,1
DA:72,1
DA:73,1
DA:74,1
DA:75,1
DA:76,1
DA:77,1
DA:78,1
DA:79,1
DA:80,1
DA:81,1
DA:82,1
DA:83,1
DA:86,2
DA:87,2
DA:88,2
DA:89,10
DA:90,2
DA:91,2
DA:92,2
DA:93,2
DA:94,2
DA:95,2
DA:96,2
DA:97,2
DA:98,2
DA:99,2
DA:103,1
DA:104,1
DA:105,1
DA:106,1
DA:107,1
DA:108,1
DA:109,1
DA:110,1
DA:111,1
DA:112,1
DA:113,1
DA:114,1
DA:115,1
DA:116,1
DA:117,1
DA:118,1
DA:119,1
LF:70
LH:70
end_of_record
SF:lib\data\models\tv_model.dart
DA:5,5
DA:31,4
DA:32,2
DA:33,8
DA:34,2
DA:35,2
DA:36,2
DA:37,4
DA:38,2
DA:39,2
DA:40,2
DA:41,4
DA:42,2
DA:45,4
DA:46,2
DA:47,8
DA:48,2
DA:49,2
DA:50,2
DA:51,2
DA:52,2
DA:53,2
DA:54,2
DA:55,2
DA:56,2
DA:59,2
DA:60,2
DA:61,2
DA:62,2
DA:63,2
DA:64,2
DA:65,2
DA:66,2
DA:67,2
DA:68,2
DA:69,2
DA:70,2
DA:71,2
DA:75,2
DA:76,2
DA:77,2
DA:78,2
DA:79,2
DA:80,2
DA:81,2
DA:82,2
DA:83,2
DA:84,2
DA:85,2
DA:86,2
DA:87,2
LF:51
LH:51
end_of_record
SF:lib\data\models\tv_response.dart
DA:7,3
DA:9,4
DA:10,4
DA:11,6
DA:12,6
DA:15,2
DA:16,5
DA:19,1
DA:20,2
LF:9
LH:9
end_of_record
SF:lib\data\models\tv_genre_model.dart
DA:5,4
DA:13,2
DA:14,1
DA:15,1
DA:18,4
DA:19,2
DA:20,2
DA:23,3
DA:24,9
DA:27,1
DA:28,3
LF:11
LH:11
end_of_record
SF:lib\data\repositories\tv_repository_impl.dart
DA:16,1
DA:21,1
DA:24,2
DA:25,5
DA:26,1
DA:28,1
DA:30,1
DA:31,4
DA:33,3
DA:37,1
DA:40,2
DA:41,2
DA:42,1
DA:44,1
DA:46,1
DA:47,4
DA:49,3
DA:53,1
DA:56,2
DA:57,3
DA:58,1
DA:60,1
DA:62,1
DA:63,4
DA:65,3
DA:69,1
DA:72,2
DA:73,5
DA:74,1
DA:76,1
DA:78,1
DA:79,4
DA:81,3
DA:85,1
DA:88,2
DA:89,5
DA:90,1
DA:92,1
DA:94,1
DA:95,4
DA:97,3
DA:101,1
DA:104,2
DA:105,5
DA:106,1
DA:108,1
DA:110,1
DA:111,4
DA:113,3
DA:117,1
DA:121,3
DA:122,1
DA:123,1
DA:124,3
DA:130,1
DA:134,3
DA:135,1
DA:136,1
DA:137,3
DA:141,1
DA:143,2
DA:147,1
DA:149,2
DA:150,5
LF:64
LH:64
end_of_record
SF:lib\domain\usecases\get_on_air_tv.dart
DA:9,1
DA:11,1
DA:12,2
LF:3
LH:3
end_of_record
SF:lib\domain\usecases\get_popular_tv.dart
DA:9,1
DA:11,1
DA:12,2
LF:3
LH:3
end_of_record
SF:lib\domain\usecases\get_top_rated_tv.dart
DA:9,1
DA:11,1
DA:12,2
LF:3
LH:3
end_of_record
SF:lib\domain\usecases\get_tv_detail.dart
DA:9,1
DA:11,1
DA:12,2
LF:3
LH:3
end_of_record
SF:lib\domain\usecases\get_tv_recommendation.dart
DA:9,1
DA:11,1
DA:12,2
LF:3
LH:3
end_of_record
SF:lib\domain\usecases\get_watchlist_tv_status.dart
DA:6,1
DA:8,1
DA:9,2
LF:3
LH:3
end_of_record
SF:lib\domain\usecases\get_watchlist_tv.dart
DA:9,1
DA:11,1
DA:12,2
LF:3
LH:3
end_of_record
SF:lib\domain\usecases\remove_watchlist_tv.dart
DA:9,1
DA:11,1
DA:12,2
LF:3
LH:3
end_of_record
SF:lib\domain\usecases\save_watchlist_tv.dart
DA:9,1
DA:11,1
DA:12,2
LF:3
LH:3
end_of_record
SF:lib\presentation\bloc\tv_list_page\on_air_tv\on_air_tv_event.dart
DA:4,1
DA:6,0
DA:7,0
DA:12,0
DA:13,0
LF:5
LH:1
end_of_record
SF:lib\presentation\bloc\tv_list_page\on_air_tv\on_air_tv_state.dart
DA:4,2
DA:6,1
DA:7,1
DA:17,2
DA:19,1
DA:20,2
DA:26,1
DA:28,1
DA:29,2
LF:9
LH:9
end_of_record
SF:lib\presentation\bloc\tv_list_page\on_air_tv\on_air_tv_bloc.dart
DA:12,3
DA:13,2
DA:14,2
DA:16,2
DA:17,1
DA:18,1
DA:19,3
DA:21,1
DA:22,2
LF:9
LH:9
end_of_record
SF:lib\presentation\bloc\tv_list_page\popular_tv\popular_tv_state.dart
DA:4,3
DA:6,1
DA:7,1
DA:17,3
DA:19,1
DA:20,2
DA:26,2
DA:28,1
DA:29,2
LF:9
LH:9
end_of_record
SF:lib\presentation\bloc\tv_list_page\popular_tv\popular_tv_bloc.dart
DA:12,3
DA:13,2
DA:14,2
DA:16,2
DA:17,1
DA:18,1
DA:19,3
DA:21,1
DA:22,2
LF:9
LH:9
end_of_record
SF:lib\presentation\bloc\tv_list_page\popular_tv\popular_tv_event.dart
DA:4,2
DA:6,0
DA:7,0
DA:12,1
DA:13,1
LF:5
LH:3
end_of_record
SF:lib\presentation\bloc\tv_detail_page\tv_recommendations\tv_recommendations_event.dart
DA:4,2
DA:6,0
DA:7,0
DA:13,2
DA:15,1
DA:16,2
LF:6
LH:4
end_of_record
SF:lib\presentation\bloc\tv_detail_page\tv_recommendations\tv_recommendations_state.dart
DA:4,3
DA:6,1
DA:7,1
DA:17,2
DA:19,1
DA:20,2
DA:26,2
DA:28,1
DA:29,2
LF:9
LH:9
end_of_record
SF:lib\presentation\bloc\tv_detail_page\tv_recommendations\tv_recommendations_bloc.dart
DA:13,3
DA:14,2
DA:15,2
DA:17,3
DA:18,2
DA:19,3
DA:20,1
DA:21,2
LF:8
LH:8
end_of_record
SF:lib\presentation\bloc\tv_list_page\top_rated_tv\top_rated_tv_event.dart
DA:4,2
DA:6,0
DA:7,0
DA:12,1
DA:13,1
LF:5
LH:3
end_of_record
SF:lib\presentation\bloc\tv_list_page\top_rated_tv\top_rated_tv_bloc.dart
DA:12,3
DA:13,2
DA:14,2
DA:16,2
DA:17,1
DA:18,1
DA:19,3
DA:21,1
DA:22,2
LF:9
LH:9
end_of_record
SF:lib\presentation\bloc\tv_list_page\top_rated_tv\top_rated_tv_state.dart
DA:4,3
DA:6,1
DA:7,1
DA:17,3
DA:19,1
DA:20,2
DA:26,2
DA:28,1
DA:29,2
LF:9
LH:9
end_of_record
SF:lib\presentation\bloc\tv_detail_page\tv_detail\tv_detail_event.dart
DA:4,2
DA:6,0
DA:7,0
DA:13,2
DA:15,1
DA:16,2
LF:6
LH:4
end_of_record
SF:lib\presentation\bloc\tv_detail_page\tv_detail\tv_detail_state.dart
DA:4,3
DA:6,1
DA:7,1
DA:17,2
DA:19,1
DA:20,2
DA:26,3
DA:28,1
DA:29,2
LF:9
LH:9
end_of_record
SF:lib\presentation\bloc\tv_detail_page\tv_detail\tv_detail_bloc.dart
DA:12,3
DA:13,2
DA:14,2
DA:16,3
DA:17,2
DA:18,3
DA:19,1
DA:20,2
LF:8
LH:8
end_of_record
SF:lib\presentation\bloc\tv_watchlist_page\watchlist_page_state.dart
DA:4,2
DA:6,1
DA:7,1
DA:17,2
DA:19,1
DA:20,2
DA:26,1
DA:28,1
DA:29,2
LF:9
LH:9
end_of_record
SF:lib\presentation\bloc\tv_watchlist_page\watchlist_page_bloc.dart
DA:12,3
DA:13,2
DA:14,2
DA:16,2
DA:17,1
DA:18,1
DA:19,3
DA:21,1
DA:22,2
LF:9
LH:9
end_of_record
SF:lib\presentation\bloc\tv_watchlist_page\watchlist_page_event.dart
DA:4,1
DA:6,0
DA:7,0
DA:12,0
DA:13,0
LF:5
LH:1
end_of_record
SF:lib\presentation\bloc\tv_detail_page\tv_watchlist_status\watchlist_tv_status_event.dart
DA:4,3
DA:6,0
DA:7,0
DA:13,3
DA:15,0
DA:16,0
DA:22,1
DA:24,0
DA:25,0
DA:31,2
DA:33,1
DA:34,2
LF:12
LH:6
end_of_record
SF:lib\presentation\bloc\tv_detail_page\tv_watchlist_status\watchlist_tv_status_state.dart
DA:6,8
DA:8,1
DA:9,3
LF:3
LH:3
end_of_record
SF:lib\presentation\bloc\tv_detail_page\tv_watchlist_status\tv_watchlist_status_bloc.dart
DA:18,2
DA:19,2
DA:20,3
DA:23,1
DA:24,1
DA:25,1
DA:27,1
DA:31,4
DA:32,2
DA:35,2
DA:36,3
DA:39,1
DA:40,0
DA:41,1
DA:44,4
DA:45,2
DA:48,2
DA:49,3
DA:50,4
LF:19
LH:18
end_of_record
SF:lib\presentation\pages\popular_tv_page.dart
DA:10,1
DA:12,1
DA:13,1
DA:17,1
DA:19,1
DA:20,1
DA:21,5
DA:24,1
DA:26,1
DA:27,1
DA:30,1
DA:32,1
DA:33,1
DA:34,1
DA:38,1
DA:39,1
DA:40,1
DA:41,0
DA:42,0
DA:43,0
DA:45,1
DA:47,1
DA:48,1
DA:49,2
DA:51,1
DA:52,1
DA:53,1
DA:54,2
DA:57,0
LF:29
LH:25
end_of_record
SF:lib\presentation\widgets\tv_card_list.dart
DA:10,1
DA:12,1
DA:14,1
DA:16,1
DA:17,0
DA:18,0
DA:21,0
DA:24,1
DA:26,1
DA:27,1
DA:28,1
DA:34,1
DA:36,1
DA:37,1
DA:38,2
DA:41,1
DA:44,1
DA:45,2
DA:53,1
DA:58,1
DA:60,1
DA:61,3
DA:63,1
DA:66,0
LF:24
LH:20
end_of_record
SF:lib\presentation\pages\tv_detail_page.dart
DA:16,3
DA:18,1
DA:19,1
DA:23,1
DA:25,1
DA:26,6
DA:27,6
DA:28,6
DA:31,1
DA:33,1
DA:34,1
DA:35,1
DA:36,1
DA:40,1
DA:41,1
DA:42,1
DA:43,1
DA:44,1
DA:45,3
DA:48,0
DA:49,0
DA:51,0
DA:63,1
DA:65,1
DA:67,3
DA:68,1
DA:69,1
DA:70,1
DA:71,3
DA:73,1
DA:76,0
DA:78,1
DA:80,1
DA:81,1
DA:82,1
DA:92,1
DA:93,1
DA:94,1
DA:96,1
DA:98,1
DA:100,1
DA:101,1
DA:102,2
DA:103,1
DA:105,1
DA:107,3
DA:108,1
DA:109,1
DA:111,1
DA:114,1
DA:117,2
DA:118,2
DA:120,1
DA:122,1
DA:123,1
DA:124,1
DA:129,1
DA:130,1
DA:131,1
DA:132,1
DA:134,1
DA:135,3
DA:138,0
DA:139,0
DA:142,1
DA:144,1
DA:145,1
DA:154,1
DA:155,3
DA:157,1
DA:158,1
DA:159,1
DA:160,2
DA:162,1
DA:168,4
DA:172,1
DA:174,1
DA:176,1
DA:177,2
DA:180,1
DA:182,1
DA:184,1
DA:185,1
DA:186,1
DA:190,1
DA:191,0
DA:192,1
DA:193,1
DA:195,1
DA:197,1
DA:198,2
DA:199,1
DA:201,1
DA:202,0
DA:203,0
DA:206,0
DA:209,1
DA:213,1
DA:215,2
DA:216,1
DA:222,0
DA:229,2
DA:233,0
DA:241,1
DA:243,1
DA:258,1
DA:260,1
DA:263,1
DA:265,0
DA:266,0
DA:275,1
DA:277,2
DA:278,3
DA:281,1
DA:285,3
LF:115
LH:101
end_of_record
SF:lib\presentation\pages\top_rated_tv_page.dart
DA:10,1
DA:12,1
DA:13,1
DA:17,1
DA:19,1
DA:20,1
DA:21,5
DA:24,1
DA:26,1
DA:27,1
DA:30,1
DA:32,1
DA:33,1
DA:34,1
DA:38,1
DA:39,1
DA:40,1
DA:41,0
DA:42,0
DA:43,0
DA:45,1
DA:47,1
DA:48,1
DA:49,2
DA:51,1
DA:52,1
DA:53,1
DA:54,3
DA:57,0
LF:29
LH:25
end_of_record
